Using pre-set license
Built from '2020.3/staging' branch; Version is '2020.3.24f1 (79c78de19888) revision 7980941'; Using compiler version '192528614'; Build Type 'Release'
OS: 'Windows 10  (10.0.19044) 64bit Core' Language: 'ko' Physical Memory: 7869 MB
BatchMode: 1, IsHumanControllingUs: 0, StartBugReporterOnCrash: 0, Is64bit: 1, IsPro: 0

COMMAND LINE ARGUMENTS:
C:\Program Files\2020.3.24f1\Editor\Unity.exe
-adb2
-batchMode
-noUpm
-name
AssetImportWorker0
-projectPath
C:/Users/angelwing/HsGame/HsGame
-logFile
Logs/AssetImportWorker0.log
-srvPort
58251
Successfully changed project path to: C:/Users/angelwing/HsGame/HsGame
C:/Users/angelwing/HsGame/HsGame
Using Asset Import Pipeline V2.
Refreshing native plugins compatible for Editor in 44.38 ms, found 2 plugins.
Preloading 0 native plugins for Editor in 0.00 ms.
Initialize engine version: 2020.3.24f1 (79c78de19888)
[Subsystems] Discovering subsystems at path C:/Program Files/2020.3.24f1/Editor/Data/Resources/UnitySubsystems
[Subsystems] Discovering subsystems at path C:/Users/angelwing/HsGame/HsGame/Assets
GfxDevice: creating device client; threaded=0
Direct3D:
    Version:  Direct3D 11.0 [level 11.1]
    Renderer: NVIDIA GeForce RTX 3060 Laptop GPU (ID=0x2520)
    Vendor:   
    VRAM:     6023 MB
    Driver:   30.0.14.9649
Initialize mono
Mono path[0] = 'C:/Program Files/2020.3.24f1/Editor/Data/Managed'
Mono path[1] = 'C:/Program Files/2020.3.24f1/Editor/Data/MonoBleedingEdge/lib/mono/unityjit'
Mono config path = 'C:/Program Files/2020.3.24f1/Editor/Data/MonoBleedingEdge/etc'
Using monoOptions --debugger-agent=transport=dt_socket,embedding=1,server=y,suspend=n,address=127.0.0.1:56468
Begin MonoManager ReloadAssembly
Registering precompiled unity dll's ...
Register platform support module: C:/Program Files/2020.3.24f1/Editor/Data/PlaybackEngines/WindowsStandaloneSupport/UnityEditor.WindowsStandalone.Extensions.dll
Registered in 0.003412 seconds.
Native extension for WindowsStandalone target not found
Refreshing native plugins compatible for Editor in 44.65 ms, found 2 plugins.
Preloading 0 native plugins for Editor in 0.00 ms.
Mono: successfully reloaded assembly
- Completed reload, in  0.606 seconds
Domain Reload Profiling:
	ReloadAssembly (607ms)
		BeginReloadAssembly (66ms)
			ExecutionOrderSort (0ms)
			DisableScriptedObjects (0ms)
			BackupInstance (0ms)
			ReleaseScriptingObjects (0ms)
			CreateAndSetChildDomain (1ms)
		EndReloadAssembly (458ms)
			LoadAssemblies (61ms)
			RebuildTransferFunctionScriptingTraits (0ms)
			SetupTypeCache (143ms)
			ReleaseScriptCaches (0ms)
			RebuildScriptCaches (31ms)
			SetupLoadedEditorAssemblies (175ms)
				LogAssemblyErrors (0ms)
				InitializePlatformSupportModulesInManaged (5ms)
				SetLoadedEditorAssemblies (0ms)
				RefreshPlugins (45ms)
				BeforeProcessingInitializeOnLoad (19ms)
				ProcessInitializeOnLoadAttributes (79ms)
				ProcessInitializeOnLoadMethodAttributes (28ms)
				AfterProcessingInitializeOnLoad (0ms)
				EditorAssembliesLoaded (0ms)
			ExecutionOrderSort2 (0ms)
			AwakeInstancesAfterBackupRestoration (0ms)
Platform modules already initialized, skipping
Registering precompiled user dll's ...
Registered in 0.005911 seconds.
Begin MonoManager ReloadAssembly
Native extension for WindowsStandalone target not found
Refreshing native plugins compatible for Editor in 0.89 ms, found 2 plugins.
Preloading 0 native plugins for Editor in 0.00 ms.
Mono: successfully reloaded assembly
- Completed reload, in  1.074 seconds
Domain Reload Profiling:
	ReloadAssembly (1075ms)
		BeginReloadAssembly (153ms)
			ExecutionOrderSort (0ms)
			DisableScriptedObjects (4ms)
			BackupInstance (0ms)
			ReleaseScriptingObjects (0ms)
			CreateAndSetChildDomain (19ms)
		EndReloadAssembly (850ms)
			LoadAssemblies (105ms)
			RebuildTransferFunctionScriptingTraits (0ms)
			SetupTypeCache (283ms)
			ReleaseScriptCaches (0ms)
			RebuildScriptCaches (44ms)
			SetupLoadedEditorAssemblies (333ms)
				LogAssemblyErrors (0ms)
				InitializePlatformSupportModulesInManaged (6ms)
				SetLoadedEditorAssemblies (1ms)
				RefreshPlugins (1ms)
				BeforeProcessingInitializeOnLoad (97ms)
				ProcessInitializeOnLoadAttributes (205ms)
				ProcessInitializeOnLoadMethodAttributes (10ms)
				AfterProcessingInitializeOnLoad (12ms)
				EditorAssembliesLoaded (0ms)
			ExecutionOrderSort2 (0ms)
			AwakeInstancesAfterBackupRestoration (6ms)
Platform modules already initialized, skipping
========================================================================
Worker process is ready to serve import requests
Launched and connected shader compiler UnityShaderCompiler.exe after 0.04 seconds
Refreshing native plugins compatible for Editor in 0.41 ms, found 2 plugins.
Preloading 0 native plugins for Editor in 0.00 ms.
Unloading 1565 Unused Serialized files (Serialized files now loaded: 0)
System memory in use before: 141.3 MB.
System memory in use after: 141.3 MB.

Unloading 19 unused Assets to reduce memory usage. Loaded Objects now: 2016.
Total: 3.041600 ms (FindLiveObjects: 0.136900 ms CreateObjectMapping: 0.034700 ms MarkObjects: 2.721200 ms  DeleteObjects: 0.147200 ms)

AssetImportParameters requested are different than current active one (requested -> active):
  custom:framework-win-MediaFoundation: 216162199b28c13a410421893ffa2e32 -> 
  custom:video-decoder-ogg-theora: a1e56fd34408186e4bbccfd4996cb3dc -> 
  custom:container-muxer-webm: aa71ff27fc2769a1b78a27578f13a17b -> 
  custom:container-demuxer-webm: 4f35f7cbe854078d1ac9338744f61a02 -> 
  custom:container-demuxer-ogg: 62fdf1f143b41e24485cea50d1cbac27 -> 
  custom:video-encoder-webm-vp8: eb34c28f22e8b96e1ab97ce403110664 -> 
  custom:video-codec-MediaFoundation-h265: 746d11721c4dcdbdad8f713fa42b33f4 -> 
  custom:video-decoder-webm-vp8: 9c59270c3fd7afecdb556c50c9e8de78 -> 
  custom:audio-decoder-ogg-vorbis: bf7c407c2cedff20999df2af8eb42d56 -> 
  custom:audio-encoder-webm-vorbis: bf7c407c2cedff20999df2af8eb42d56 -> 
========================================================================
Received Import Request.
  path: Assets/Tazo_2D/Icon/S_astrostone.png
  artifactKey: Guid(a19cebe0599724c469f757f6e0b2d9a4) Importer(815301076,1909f56bfc062723c751e8b465ee728b)
Start importing Assets/Tazo_2D/Icon/S_astrostone.png using Guid(a19cebe0599724c469f757f6e0b2d9a4) Importer(815301076,1909f56bfc062723c751e8b465ee728b)  -> (artifact id: '3f36226441d189bf3116e13ab0a16fb2') in 0.091010 seconds 
  Import took 0.094440 seconds .

========================================================================
Received Import Request.
  Time since last request: 34.709428 seconds.
  path: Assets/Tazo_2D/Icon/S_Combo_knock.png
  artifactKey: Guid(e5f8e29c0eb39d74e9509b0469b5204c) Importer(815301076,1909f56bfc062723c751e8b465ee728b)
Start importing Assets/Tazo_2D/Icon/S_Combo_knock.png using Guid(e5f8e29c0eb39d74e9509b0469b5204c) Importer(815301076,1909f56bfc062723c751e8b465ee728b)  -> (artifact id: '7be1133928015332dc57b4cabab9c3f8') in 0.013488 seconds 
  Import took 0.017052 seconds .

========================================================================
Received Import Request.
  Time since last request: 140.231368 seconds.
  path: Assets/Tazo_2D/Icon/S_Combo_knock.png
  artifactKey: Guid(e5f8e29c0eb39d74e9509b0469b5204c) Importer(815301076,1909f56bfc062723c751e8b465ee728b)
Start importing Assets/Tazo_2D/Icon/S_Combo_knock.png using Guid(e5f8e29c0eb39d74e9509b0469b5204c) Importer(815301076,1909f56bfc062723c751e8b465ee728b)  -> (artifact id: '8c495f3a742650c05336a90d7b3832a8') in 0.020812 seconds 
  Import took 0.027297 seconds .

========================================================================
Received Import Request.
  Time since last request: 8.612274 seconds.
  path: Assets/Tazo_2D/Icon/S_Combo_knock.png
  artifactKey: Guid(e5f8e29c0eb39d74e9509b0469b5204c) Importer(815301076,1909f56bfc062723c751e8b465ee728b)
Start importing Assets/Tazo_2D/Icon/S_Combo_knock.png using Guid(e5f8e29c0eb39d74e9509b0469b5204c) Importer(815301076,1909f56bfc062723c751e8b465ee728b)  -> (artifact id: '26d2c9cf84890dceec757a24eb0cb6e7') in 0.013217 seconds 
  Import took 0.016651 seconds .

========================================================================
Received Import Request.
  Time since last request: 5.639151 seconds.
  path: Assets/Tazo_2D/Icon/S_Combo_knock.png
  artifactKey: Guid(e5f8e29c0eb39d74e9509b0469b5204c) Importer(815301076,1909f56bfc062723c751e8b465ee728b)
Start importing Assets/Tazo_2D/Icon/S_Combo_knock.png using Guid(e5f8e29c0eb39d74e9509b0469b5204c) Importer(815301076,1909f56bfc062723c751e8b465ee728b)  -> (artifact id: '2814b5d80db1eeab2216a73a9465ef26') in 0.012751 seconds 
  Import took 0.017790 seconds .

========================================================================
Received Import Request.
  Time since last request: 20.760254 seconds.
  path: Assets/Tazo_2D/Icon/S_Combo_knock.png
  artifactKey: Guid(e5f8e29c0eb39d74e9509b0469b5204c) Importer(815301076,1909f56bfc062723c751e8b465ee728b)
Start importing Assets/Tazo_2D/Icon/S_Combo_knock.png using Guid(e5f8e29c0eb39d74e9509b0469b5204c) Importer(815301076,1909f56bfc062723c751e8b465ee728b)  -> (artifact id: '10d7504447bbff68999ae23f31f1736e') in 0.008168 seconds 
  Import took 0.011480 seconds .

========================================================================
Received Import Request.
  Time since last request: 31.163881 seconds.
  path: Assets/Tazo_2D/Icon/S_Combo_knock.png
  artifactKey: Guid(e5f8e29c0eb39d74e9509b0469b5204c) Importer(815301076,1909f56bfc062723c751e8b465ee728b)
Start importing Assets/Tazo_2D/Icon/S_Combo_knock.png using Guid(e5f8e29c0eb39d74e9509b0469b5204c) Importer(815301076,1909f56bfc062723c751e8b465ee728b)  -> (artifact id: 'ed1962b039fd1cc20f01ba2a5c6b193d') in 0.013342 seconds 
  Import took 0.016792 seconds .

========================================================================
Received Prepare
Registering precompiled user dll's ...
Registered in 0.006979 seconds.
Begin MonoManager ReloadAssembly
Native extension for WindowsStandalone target not found
Refreshing native plugins compatible for Editor in 0.43 ms, found 2 plugins.
Preloading 0 native plugins for Editor in 0.00 ms.
Mono: successfully reloaded assembly
- Completed reload, in  0.984 seconds
Domain Reload Profiling:
	ReloadAssembly (984ms)
		BeginReloadAssembly (118ms)
			ExecutionOrderSort (0ms)
			DisableScriptedObjects (4ms)
			BackupInstance (0ms)
			ReleaseScriptingObjects (0ms)
			CreateAndSetChildDomain (32ms)
		EndReloadAssembly (797ms)
			LoadAssemblies (96ms)
			RebuildTransferFunctionScriptingTraits (0ms)
			SetupTypeCache (265ms)
			ReleaseScriptCaches (1ms)
			RebuildScriptCaches (39ms)
			SetupLoadedEditorAssemblies (308ms)
				LogAssemblyErrors (0ms)
				InitializePlatformSupportModulesInManaged (5ms)
				SetLoadedEditorAssemblies (1ms)
				RefreshPlugins (0ms)
				BeforeProcessingInitializeOnLoad (86ms)
				ProcessInitializeOnLoadAttributes (195ms)
				ProcessInitializeOnLoadMethodAttributes (10ms)
				AfterProcessingInitializeOnLoad (11ms)
				EditorAssembliesLoaded (0ms)
			ExecutionOrderSort2 (0ms)
			AwakeInstancesAfterBackupRestoration (6ms)
Platform modules already initialized, skipping
Refreshing native plugins compatible for Editor in 0.45 ms, found 2 plugins.
Preloading 0 native plugins for Editor in 0.00 ms.
Unloading 1547 Unused Serialized files (Serialized files now loaded: 0)
System memory in use before: 142.9 MB.
System memory in use after: 143.0 MB.

Unloading 14 unused Assets to reduce memory usage. Loaded Objects now: 2026.
Total: 2.730000 ms (FindLiveObjects: 0.150800 ms CreateObjectMapping: 0.033700 ms MarkObjects: 2.524800 ms  DeleteObjects: 0.018500 ms)

AssetImportParameters requested are different than current active one (requested -> active):
  custom:framework-win-MediaFoundation: 216162199b28c13a410421893ffa2e32 -> 
  custom:video-decoder-ogg-theora: a1e56fd34408186e4bbccfd4996cb3dc -> 
  custom:container-muxer-webm: aa71ff27fc2769a1b78a27578f13a17b -> 
  custom:container-demuxer-webm: 4f35f7cbe854078d1ac9338744f61a02 -> 
  custom:container-demuxer-ogg: 62fdf1f143b41e24485cea50d1cbac27 -> 
  custom:video-encoder-webm-vp8: eb34c28f22e8b96e1ab97ce403110664 -> 
  custom:video-codec-MediaFoundation-h265: 746d11721c4dcdbdad8f713fa42b33f4 -> 
  custom:video-decoder-webm-vp8: 9c59270c3fd7afecdb556c50c9e8de78 -> 
  custom:audio-decoder-ogg-vorbis: bf7c407c2cedff20999df2af8eb42d56 -> 
  custom:audio-encoder-webm-vorbis: bf7c407c2cedff20999df2af8eb42d56 -> 
========================================================================
Received Import Request.
  Time since last request: 159.552855 seconds.
  path: Assets/Tazo_2D/Icon/S_sparkle_stream.png
  artifactKey: Guid(d79036c8f3ba7ca45970d9530c4dca90) Importer(815301076,1909f56bfc062723c751e8b465ee728b)
Start importing Assets/Tazo_2D/Icon/S_sparkle_stream.png using Guid(d79036c8f3ba7ca45970d9530c4dca90) Importer(815301076,1909f56bfc062723c751e8b465ee728b)  -> (artifact id: '85f36e512892d7a56bc90190a9641259') in 0.038511 seconds 
  Import took 0.041569 seconds .

========================================================================
Received Import Request.
  Time since last request: 51.404273 seconds.
  path: Assets/Tazo_2D/Icon/S_sparkle_stream.png
  artifactKey: Guid(d79036c8f3ba7ca45970d9530c4dca90) Importer(815301076,1909f56bfc062723c751e8b465ee728b)
Start importing Assets/Tazo_2D/Icon/S_sparkle_stream.png using Guid(d79036c8f3ba7ca45970d9530c4dca90) Importer(815301076,1909f56bfc062723c751e8b465ee728b)  -> (artifact id: 'f9a4edc3c9af9ef04dda94e7a3c90739') in 0.027312 seconds 
  Import took 0.030292 seconds .

========================================================================
Received Import Request.
  Time since last request: 202.059569 seconds.
  path: Assets/Tazo_2D/Icon/S_Forward_thurder.png
  artifactKey: Guid(f9fa59c48bcaf314988f2c2caece74b6) Importer(815301076,1909f56bfc062723c751e8b465ee728b)
Start importing Assets/Tazo_2D/Icon/S_Forward_thurder.png using Guid(f9fa59c48bcaf314988f2c2caece74b6) Importer(815301076,1909f56bfc062723c751e8b465ee728b)  -> (artifact id: '2a550b24b268028ebd428b4a19b7eaea') in 0.008177 seconds 
  Import took 0.011527 seconds .

========================================================================
Received Import Request.
  Time since last request: 16.231108 seconds.
  path: Assets/Tazo_2D/Icon/S_Forward_thurder.png
  artifactKey: Guid(f9fa59c48bcaf314988f2c2caece74b6) Importer(815301076,1909f56bfc062723c751e8b465ee728b)
Start importing Assets/Tazo_2D/Icon/S_Forward_thurder.png using Guid(f9fa59c48bcaf314988f2c2caece74b6) Importer(815301076,1909f56bfc062723c751e8b465ee728b)  -> (artifact id: '1bf8d957816f9302a0585075ffcddc8b') in 0.012272 seconds 
  Import took 0.016140 seconds .

========================================================================
Received Import Request.
  Time since last request: 35.735841 seconds.
  path: Assets/Tazo_2D/Icon/S_spell05.png
  artifactKey: Guid(fccc7156f5a20d847b6f18880c73d76d) Importer(815301076,1909f56bfc062723c751e8b465ee728b)
Start importing Assets/Tazo_2D/Icon/S_spell05.png using Guid(fccc7156f5a20d847b6f18880c73d76d) Importer(815301076,1909f56bfc062723c751e8b465ee728b)  -> (artifact id: '8619a3a56c5de37abc984d5bfa90b47f') in 0.008168 seconds 
  Import took 0.011017 seconds .

========================================================================
Received Import Request.
  Time since last request: 9.381919 seconds.
  path: Assets/Tazo_2D/Icon/S_spell05.png
  artifactKey: Guid(fccc7156f5a20d847b6f18880c73d76d) Importer(815301076,1909f56bfc062723c751e8b465ee728b)
Start importing Assets/Tazo_2D/Icon/S_spell05.png using Guid(fccc7156f5a20d847b6f18880c73d76d) Importer(815301076,1909f56bfc062723c751e8b465ee728b)  -> (artifact id: '39868c0d03591c3500517faad9300597') in 0.011736 seconds 
  Import took 0.015919 seconds .

========================================================================
Received Prepare
Registering precompiled user dll's ...
Registered in 0.005566 seconds.
Begin MonoManager ReloadAssembly
Native extension for WindowsStandalone target not found
Refreshing native plugins compatible for Editor in 0.41 ms, found 2 plugins.
Preloading 0 native plugins for Editor in 0.00 ms.
Mono: successfully reloaded assembly
- Completed reload, in  1.013 seconds
Domain Reload Profiling:
	ReloadAssembly (1014ms)
		BeginReloadAssembly (131ms)
			ExecutionOrderSort (0ms)
			DisableScriptedObjects (4ms)
			BackupInstance (0ms)
			ReleaseScriptingObjects (0ms)
			CreateAndSetChildDomain (34ms)
		EndReloadAssembly (807ms)
			LoadAssemblies (109ms)
			RebuildTransferFunctionScriptingTraits (0ms)
			SetupTypeCache (274ms)
			ReleaseScriptCaches (1ms)
			RebuildScriptCaches (37ms)
			SetupLoadedEditorAssemblies (304ms)
				LogAssemblyErrors (0ms)
				InitializePlatformSupportModulesInManaged (5ms)
				SetLoadedEditorAssemblies (1ms)
				RefreshPlugins (0ms)
				BeforeProcessingInitializeOnLoad (86ms)
				ProcessInitializeOnLoadAttributes (190ms)
				ProcessInitializeOnLoadMethodAttributes (9ms)
				AfterProcessingInitializeOnLoad (11ms)
				EditorAssembliesLoaded (0ms)
			ExecutionOrderSort2 (0ms)
			AwakeInstancesAfterBackupRestoration (6ms)
Platform modules already initialized, skipping
Refreshing native plugins compatible for Editor in 0.45 ms, found 2 plugins.
Preloading 0 native plugins for Editor in 0.00 ms.
Unloading 1547 Unused Serialized files (Serialized files now loaded: 0)
System memory in use before: 143.0 MB.
System memory in use after: 143.1 MB.

Unloading 14 unused Assets to reduce memory usage. Loaded Objects now: 2029.
Total: 2.673100 ms (FindLiveObjects: 0.219700 ms CreateObjectMapping: 0.063500 ms MarkObjects: 2.369000 ms  DeleteObjects: 0.019700 ms)

AssetImportParameters requested are different than current active one (requested -> active):
  custom:framework-win-MediaFoundation: 216162199b28c13a410421893ffa2e32 -> 
  custom:video-decoder-ogg-theora: a1e56fd34408186e4bbccfd4996cb3dc -> 
  custom:container-muxer-webm: aa71ff27fc2769a1b78a27578f13a17b -> 
  custom:container-demuxer-webm: 4f35f7cbe854078d1ac9338744f61a02 -> 
  custom:container-demuxer-ogg: 62fdf1f143b41e24485cea50d1cbac27 -> 
  custom:video-encoder-webm-vp8: eb34c28f22e8b96e1ab97ce403110664 -> 
  custom:video-codec-MediaFoundation-h265: 746d11721c4dcdbdad8f713fa42b33f4 -> 
  custom:video-decoder-webm-vp8: 9c59270c3fd7afecdb556c50c9e8de78 -> 
  custom:audio-decoder-ogg-vorbis: bf7c407c2cedff20999df2af8eb42d56 -> 
  custom:audio-encoder-webm-vorbis: bf7c407c2cedff20999df2af8eb42d56 -> 
========================================================================
Received Prepare
Registering precompiled user dll's ...
Registered in 0.004738 seconds.
Begin MonoManager ReloadAssembly
Native extension for WindowsStandalone target not found
Refreshing native plugins compatible for Editor in 1.00 ms, found 2 plugins.
Preloading 0 native plugins for Editor in 0.00 ms.
Mono: successfully reloaded assembly
- Completed reload, in  1.342 seconds
Domain Reload Profiling:
	ReloadAssembly (1342ms)
		BeginReloadAssembly (152ms)
			ExecutionOrderSort (0ms)
			DisableScriptedObjects (4ms)
			BackupInstance (0ms)
			ReleaseScriptingObjects (0ms)
			CreateAndSetChildDomain (32ms)
		EndReloadAssembly (1090ms)
			LoadAssemblies (157ms)
			RebuildTransferFunctionScriptingTraits (0ms)
			SetupTypeCache (446ms)
			ReleaseScriptCaches (1ms)
			RebuildScriptCaches (59ms)
			SetupLoadedEditorAssemblies (315ms)
				LogAssemblyErrors (0ms)
				InitializePlatformSupportModulesInManaged (8ms)
				SetLoadedEditorAssemblies (1ms)
				RefreshPlugins (1ms)
				BeforeProcessingInitializeOnLoad (138ms)
				ProcessInitializeOnLoadAttributes (150ms)
				ProcessInitializeOnLoadMethodAttributes (8ms)
				AfterProcessingInitializeOnLoad (9ms)
				EditorAssembliesLoaded (0ms)
			ExecutionOrderSort2 (0ms)
			AwakeInstancesAfterBackupRestoration (5ms)
Platform modules already initialized, skipping
Refreshing native plugins compatible for Editor in 0.41 ms, found 2 plugins.
Preloading 0 native plugins for Editor in 0.00 ms.
Unloading 1547 Unused Serialized files (Serialized files now loaded: 0)
System memory in use before: 143.0 MB.
System memory in use after: 143.1 MB.

Unloading 14 unused Assets to reduce memory usage. Loaded Objects now: 2031.
Total: 2.836500 ms (FindLiveObjects: 0.143500 ms CreateObjectMapping: 0.029500 ms MarkObjects: 2.632300 ms  DeleteObjects: 0.029300 ms)

AssetImportParameters requested are different than current active one (requested -> active):
  custom:framework-win-MediaFoundation: 216162199b28c13a410421893ffa2e32 -> 
  custom:video-decoder-ogg-theora: a1e56fd34408186e4bbccfd4996cb3dc -> 
  custom:container-muxer-webm: aa71ff27fc2769a1b78a27578f13a17b -> 
  custom:container-demuxer-webm: 4f35f7cbe854078d1ac9338744f61a02 -> 
  custom:container-demuxer-ogg: 62fdf1f143b41e24485cea50d1cbac27 -> 
  custom:video-encoder-webm-vp8: eb34c28f22e8b96e1ab97ce403110664 -> 
  custom:video-codec-MediaFoundation-h265: 746d11721c4dcdbdad8f713fa42b33f4 -> 
  custom:video-decoder-webm-vp8: 9c59270c3fd7afecdb556c50c9e8de78 -> 
  custom:audio-decoder-ogg-vorbis: bf7c407c2cedff20999df2af8eb42d56 -> 
  custom:audio-encoder-webm-vorbis: bf7c407c2cedff20999df2af8eb42d56 -> 
========================================================================
Received Import Request.
  Time since last request: 1553.575330 seconds.
  path: Assets/Thaleah_PixelFont/ThaleahFat.fontsettings
  artifactKey: Guid(652f7165b7c30ab46af6c4aad90a639b) Importer(815301076,1909f56bfc062723c751e8b465ee728b)
Start importing Assets/Thaleah_PixelFont/ThaleahFat.fontsettings using Guid(652f7165b7c30ab46af6c4aad90a639b) Importer(815301076,1909f56bfc062723c751e8b465ee728b)  -> (artifact id: 'f6f80a1d24556b81a71ccacf204d4070') in 0.030548 seconds 
  Import took 0.035043 seconds .

========================================================================
Received Import Request.
  Time since last request: 3.112519 seconds.
  path: Assets/Thaleah_PixelFont/Materials
  artifactKey: Guid(5bbfc5203b36a9040838fe59081d4888) Importer(815301076,1909f56bfc062723c751e8b465ee728b)
Start importing Assets/Thaleah_PixelFont/Materials using Guid(5bbfc5203b36a9040838fe59081d4888) Importer(815301076,1909f56bfc062723c751e8b465ee728b)  -> (artifact id: '458cef462cbdaee51d73b6104737c742') in 0.003119 seconds 
  Import took 0.008122 seconds .

========================================================================
Received Import Request.
  Time since last request: 0.243633 seconds.
  path: Assets/Thaleah_PixelFont/Materials/Thaleah_DemoBackground.png
  artifactKey: Guid(b324a4685d480b346b084e8a5dbacbde) Importer(815301076,1909f56bfc062723c751e8b465ee728b)
Start importing Assets/Thaleah_PixelFont/Materials/Thaleah_DemoBackground.png using Guid(b324a4685d480b346b084e8a5dbacbde) Importer(815301076,1909f56bfc062723c751e8b465ee728b)  -> (artifact id: 'b204e3a311bc134b0ec151682f2cbc62') in 0.044442 seconds 
  Import took 0.048047 seconds .

========================================================================
Received Import Request.
  Time since last request: 0.000454 seconds.
  path: Assets/Thaleah_PixelFont/Materials/ThaleahFat.mat
  artifactKey: Guid(43d59b5c638b0664db55f3a4e4d130ef) Importer(815301076,1909f56bfc062723c751e8b465ee728b)
Start importing Assets/Thaleah_PixelFont/Materials/ThaleahFat.mat using Guid(43d59b5c638b0664db55f3a4e4d130ef) Importer(815301076,1909f56bfc062723c751e8b465ee728b)  -> (artifact id: '1045e01dd06d2f9839c20ea938e3eb8d') in 0.091852 seconds 
  Import took 0.094646 seconds .

========================================================================
Received Import Request.
  Time since last request: 0.000266 seconds.
  path: Assets/Thaleah_PixelFont/Materials/ThaleahFat.png
  artifactKey: Guid(0ac691dd25a276d468ee89cf1948229d) Importer(815301076,1909f56bfc062723c751e8b465ee728b)
Start importing Assets/Thaleah_PixelFont/Materials/ThaleahFat.png using Guid(0ac691dd25a276d468ee89cf1948229d) Importer(815301076,1909f56bfc062723c751e8b465ee728b)  -> (artifact id: '5341c58de122a073a6fb2fd4c4319f16') in 0.009482 seconds 
  Import took 0.012457 seconds .

========================================================================
Received Import Request.
  Time since last request: 0.000199 seconds.
  path: Assets/Thaleah_PixelFont/Materials/ThaleahFat_TTF.ttf
  artifactKey: Guid(585188cdc4600544eb408bee749e4b3a) Importer(815301076,1909f56bfc062723c751e8b465ee728b)
Start importing Assets/Thaleah_PixelFont/Materials/ThaleahFat_TTF.ttf using Guid(585188cdc4600544eb408bee749e4b3a) Importer(815301076,1909f56bfc062723c751e8b465ee728b)  -> (artifact id: '429b0231dbfb9309edb087b42cbe461a') in 0.016126 seconds 
  Import took 0.019493 seconds .

========================================================================
Received Prepare
Registering precompiled user dll's ...
Registered in 0.100525 seconds.
Begin MonoManager ReloadAssembly
Native extension for WindowsStandalone target not found
Refreshing native plugins compatible for Editor in 0.54 ms, found 2 plugins.
Preloading 0 native plugins for Editor in 0.00 ms.
Mono: successfully reloaded assembly
- Completed reload, in  1.230 seconds
Domain Reload Profiling:
	ReloadAssembly (1231ms)
		BeginReloadAssembly (178ms)
			ExecutionOrderSort (0ms)
			DisableScriptedObjects (5ms)
			BackupInstance (0ms)
			ReleaseScriptingObjects (0ms)
			CreateAndSetChildDomain (53ms)
		EndReloadAssembly (959ms)
			LoadAssemblies (144ms)
			RebuildTransferFunctionScriptingTraits (0ms)
			SetupTypeCache (329ms)
			ReleaseScriptCaches (1ms)
			RebuildScriptCaches (46ms)
			SetupLoadedEditorAssemblies (359ms)
				LogAssemblyErrors (0ms)
				InitializePlatformSupportModulesInManaged (6ms)
				SetLoadedEditorAssemblies (1ms)
				RefreshPlugins (1ms)
				BeforeProcessingInitializeOnLoad (100ms)
				ProcessInitializeOnLoadAttributes (225ms)
				ProcessInitializeOnLoadMethodAttributes (12ms)
				AfterProcessingInitializeOnLoad (12ms)
				EditorAssembliesLoaded (1ms)
			ExecutionOrderSort2 (0ms)
			AwakeInstancesAfterBackupRestoration (10ms)
Platform modules already initialized, skipping
Refreshing native plugins compatible for Editor in 0.52 ms, found 2 plugins.
Preloading 0 native plugins for Editor in 0.00 ms.
Unloading 1547 Unused Serialized files (Serialized files now loaded: 0)
System memory in use before: 143.4 MB.
System memory in use after: 143.5 MB.

Unloading 14 unused Assets to reduce memory usage. Loaded Objects now: 2078.
Total: 4.579800 ms (FindLiveObjects: 0.242400 ms CreateObjectMapping: 0.033700 ms MarkObjects: 4.277000 ms  DeleteObjects: 0.024400 ms)

AssetImportParameters requested are different than current active one (requested -> active):
  custom:framework-win-MediaFoundation: 216162199b28c13a410421893ffa2e32 -> 
  custom:video-decoder-ogg-theora: a1e56fd34408186e4bbccfd4996cb3dc -> 
  custom:container-muxer-webm: aa71ff27fc2769a1b78a27578f13a17b -> 
  custom:container-demuxer-webm: 4f35f7cbe854078d1ac9338744f61a02 -> 
  custom:container-demuxer-ogg: 62fdf1f143b41e24485cea50d1cbac27 -> 
  custom:video-encoder-webm-vp8: eb34c28f22e8b96e1ab97ce403110664 -> 
  custom:video-codec-MediaFoundation-h265: 746d11721c4dcdbdad8f713fa42b33f4 -> 
  custom:video-decoder-webm-vp8: 9c59270c3fd7afecdb556c50c9e8de78 -> 
  custom:audio-decoder-ogg-vorbis: bf7c407c2cedff20999df2af8eb42d56 -> 
  custom:audio-encoder-webm-vorbis: bf7c407c2cedff20999df2af8eb42d56 -> 
========================================================================
Received Prepare
Registering precompiled user dll's ...
Registered in 0.006029 seconds.
Begin MonoManager ReloadAssembly
Native extension for WindowsStandalone target not found
Refreshing native plugins compatible for Editor in 1.10 ms, found 2 plugins.
Preloading 0 native plugins for Editor in 0.00 ms.
Mono: successfully reloaded assembly
- Completed reload, in  1.125 seconds
Domain Reload Profiling:
	ReloadAssembly (1126ms)
		BeginReloadAssembly (141ms)
			ExecutionOrderSort (0ms)
			DisableScriptedObjects (6ms)
			BackupInstance (0ms)
			ReleaseScriptingObjects (0ms)
			CreateAndSetChildDomain (37ms)
		EndReloadAssembly (908ms)
			LoadAssemblies (125ms)
			RebuildTransferFunctionScriptingTraits (0ms)
			SetupTypeCache (303ms)
			ReleaseScriptCaches (1ms)
			RebuildScriptCaches (39ms)
			SetupLoadedEditorAssemblies (352ms)
				LogAssemblyErrors (0ms)
				InitializePlatformSupportModulesInManaged (7ms)
				SetLoadedEditorAssemblies (1ms)
				RefreshPlugins (1ms)
				BeforeProcessingInitializeOnLoad (94ms)
				ProcessInitializeOnLoadAttributes (226ms)
				ProcessInitializeOnLoadMethodAttributes (11ms)
				AfterProcessingInitializeOnLoad (13ms)
				EditorAssembliesLoaded (0ms)
			ExecutionOrderSort2 (0ms)
			AwakeInstancesAfterBackupRestoration (7ms)
Platform modules already initialized, skipping
Refreshing native plugins compatible for Editor in 0.62 ms, found 2 plugins.
Preloading 0 native plugins for Editor in 0.00 ms.
Unloading 1547 Unused Serialized files (Serialized files now loaded: 0)
System memory in use before: 143.4 MB.
System memory in use after: 143.5 MB.

Unloading 14 unused Assets to reduce memory usage. Loaded Objects now: 2080.
Total: 3.158500 ms (FindLiveObjects: 0.584000 ms CreateObjectMapping: 0.052400 ms MarkObjects: 2.500100 ms  DeleteObjects: 0.019400 ms)

AssetImportParameters requested are different than current active one (requested -> active):
  custom:framework-win-MediaFoundation: 216162199b28c13a410421893ffa2e32 -> 
  custom:video-decoder-ogg-theora: a1e56fd34408186e4bbccfd4996cb3dc -> 
  custom:container-muxer-webm: aa71ff27fc2769a1b78a27578f13a17b -> 
  custom:container-demuxer-webm: 4f35f7cbe854078d1ac9338744f61a02 -> 
  custom:container-demuxer-ogg: 62fdf1f143b41e24485cea50d1cbac27 -> 
  custom:video-encoder-webm-vp8: eb34c28f22e8b96e1ab97ce403110664 -> 
  custom:video-codec-MediaFoundation-h265: 746d11721c4dcdbdad8f713fa42b33f4 -> 
  custom:video-decoder-webm-vp8: 9c59270c3fd7afecdb556c50c9e8de78 -> 
  custom:audio-decoder-ogg-vorbis: bf7c407c2cedff20999df2af8eb42d56 -> 
  custom:audio-encoder-webm-vorbis: bf7c407c2cedff20999df2af8eb42d56 -> 
========================================================================
Received Prepare
Registering precompiled user dll's ...
Registered in 0.007029 seconds.
Begin MonoManager ReloadAssembly
Native extension for WindowsStandalone target not found
Refreshing native plugins compatible for Editor in 0.61 ms, found 2 plugins.
Preloading 0 native plugins for Editor in 0.00 ms.
Mono: successfully reloaded assembly
- Completed reload, in  0.994 seconds
Domain Reload Profiling:
	ReloadAssembly (995ms)
		BeginReloadAssembly (115ms)
			ExecutionOrderSort (0ms)
			DisableScriptedObjects (4ms)
			BackupInstance (0ms)
			ReleaseScriptingObjects (0ms)
			CreateAndSetChildDomain (29ms)
		EndReloadAssembly (808ms)
			LoadAssemblies (100ms)
			RebuildTransferFunctionScriptingTraits (0ms)
			SetupTypeCache (285ms)
			ReleaseScriptCaches (2ms)
			RebuildScriptCaches (38ms)
			SetupLoadedEditorAssemblies (299ms)
				LogAssemblyErrors (0ms)
				InitializePlatformSupportModulesInManaged (5ms)
				SetLoadedEditorAssemblies (0ms)
				RefreshPlugins (1ms)
				BeforeProcessingInitializeOnLoad (87ms)
				ProcessInitializeOnLoadAttributes (185ms)
				ProcessInitializeOnLoadMethodAttributes (9ms)
				AfterProcessingInitializeOnLoad (11ms)
				EditorAssembliesLoaded (0ms)
			ExecutionOrderSort2 (0ms)
			AwakeInstancesAfterBackupRestoration (6ms)
Platform modules already initialized, skipping
Refreshing native plugins compatible for Editor in 0.46 ms, found 2 plugins.
Preloading 0 native plugins for Editor in 0.00 ms.
Unloading 1547 Unused Serialized files (Serialized files now loaded: 0)
System memory in use before: 143.4 MB.
System memory in use after: 143.5 MB.

Unloading 14 unused Assets to reduce memory usage. Loaded Objects now: 2082.
Total: 2.726700 ms (FindLiveObjects: 0.135900 ms CreateObjectMapping: 0.034000 ms MarkObjects: 2.537400 ms  DeleteObjects: 0.018100 ms)

AssetImportParameters requested are different than current active one (requested -> active):
  custom:framework-win-MediaFoundation: 216162199b28c13a410421893ffa2e32 -> 
  custom:video-decoder-ogg-theora: a1e56fd34408186e4bbccfd4996cb3dc -> 
  custom:container-muxer-webm: aa71ff27fc2769a1b78a27578f13a17b -> 
  custom:container-demuxer-webm: 4f35f7cbe854078d1ac9338744f61a02 -> 
  custom:container-demuxer-ogg: 62fdf1f143b41e24485cea50d1cbac27 -> 
  custom:video-encoder-webm-vp8: eb34c28f22e8b96e1ab97ce403110664 -> 
  custom:video-codec-MediaFoundation-h265: 746d11721c4dcdbdad8f713fa42b33f4 -> 
  custom:video-decoder-webm-vp8: 9c59270c3fd7afecdb556c50c9e8de78 -> 
  custom:audio-decoder-ogg-vorbis: bf7c407c2cedff20999df2af8eb42d56 -> 
  custom:audio-encoder-webm-vorbis: bf7c407c2cedff20999df2af8eb42d56 -> 
========================================================================
Received Prepare
Registering precompiled user dll's ...
Registered in 0.004616 seconds.
Begin MonoManager ReloadAssembly
Native extension for WindowsStandalone target not found
Refreshing native plugins compatible for Editor in 0.37 ms, found 2 plugins.
Preloading 0 native plugins for Editor in 0.00 ms.
Mono: successfully reloaded assembly
- Completed reload, in  0.721 seconds
Domain Reload Profiling:
	ReloadAssembly (721ms)
		BeginReloadAssembly (89ms)
			ExecutionOrderSort (0ms)
			DisableScriptedObjects (3ms)
			BackupInstance (0ms)
			ReleaseScriptingObjects (0ms)
			CreateAndSetChildDomain (22ms)
		EndReloadAssembly (575ms)
			LoadAssemblies (73ms)
			RebuildTransferFunctionScriptingTraits (0ms)
			SetupTypeCache (191ms)
			ReleaseScriptCaches (1ms)
			RebuildScriptCaches (27ms)
			SetupLoadedEditorAssemblies (223ms)
				LogAssemblyErrors (0ms)
				InitializePlatformSupportModulesInManaged (4ms)
				SetLoadedEditorAssemblies (0ms)
				RefreshPlugins (0ms)
				BeforeProcessingInitializeOnLoad (65ms)
				ProcessInitializeOnLoadAttributes (138ms)
				ProcessInitializeOnLoadMethodAttributes (7ms)
				AfterProcessingInitializeOnLoad (8ms)
				EditorAssembliesLoaded (0ms)
			ExecutionOrderSort2 (0ms)
			AwakeInstancesAfterBackupRestoration (5ms)
Platform modules already initialized, skipping
Refreshing native plugins compatible for Editor in 0.37 ms, found 2 plugins.
Preloading 0 native plugins for Editor in 0.00 ms.
Unloading 1547 Unused Serialized files (Serialized files now loaded: 0)
System memory in use before: 143.4 MB.
System memory in use after: 143.5 MB.

Unloading 14 unused Assets to reduce memory usage. Loaded Objects now: 2084.
Total: 2.167500 ms (FindLiveObjects: 0.128300 ms CreateObjectMapping: 0.028500 ms MarkObjects: 1.977800 ms  DeleteObjects: 0.031500 ms)

AssetImportParameters requested are different than current active one (requested -> active):
  custom:framework-win-MediaFoundation: 216162199b28c13a410421893ffa2e32 -> 
  custom:video-decoder-ogg-theora: a1e56fd34408186e4bbccfd4996cb3dc -> 
  custom:container-muxer-webm: aa71ff27fc2769a1b78a27578f13a17b -> 
  custom:container-demuxer-webm: 4f35f7cbe854078d1ac9338744f61a02 -> 
  custom:container-demuxer-ogg: 62fdf1f143b41e24485cea50d1cbac27 -> 
  custom:video-encoder-webm-vp8: eb34c28f22e8b96e1ab97ce403110664 -> 
  custom:video-codec-MediaFoundation-h265: 746d11721c4dcdbdad8f713fa42b33f4 -> 
  custom:video-decoder-webm-vp8: 9c59270c3fd7afecdb556c50c9e8de78 -> 
  custom:audio-decoder-ogg-vorbis: bf7c407c2cedff20999df2af8eb42d56 -> 
  custom:audio-encoder-webm-vorbis: bf7c407c2cedff20999df2af8eb42d56 -> 
========================================================================
Received Prepare
Registering precompiled user dll's ...
Registered in 0.004973 seconds.
Begin MonoManager ReloadAssembly
Native extension for WindowsStandalone target not found
Refreshing native plugins compatible for Editor in 0.37 ms, found 2 plugins.
Preloading 0 native plugins for Editor in 0.00 ms.
Mono: successfully reloaded assembly
- Completed reload, in  0.755 seconds
Domain Reload Profiling:
	ReloadAssembly (756ms)
		BeginReloadAssembly (96ms)
			ExecutionOrderSort (0ms)
			DisableScriptedObjects (4ms)
			BackupInstance (0ms)
			ReleaseScriptingObjects (0ms)
			CreateAndSetChildDomain (24ms)
		EndReloadAssembly (605ms)
			LoadAssemblies (75ms)
			RebuildTransferFunctionScriptingTraits (0ms)
			SetupTypeCache (201ms)
			ReleaseScriptCaches (1ms)
			RebuildScriptCaches (30ms)
			SetupLoadedEditorAssemblies (233ms)
				LogAssemblyErrors (0ms)
				InitializePlatformSupportModulesInManaged (4ms)
				SetLoadedEditorAssemblies (0ms)
				RefreshPlugins (0ms)
				BeforeProcessingInitializeOnLoad (69ms)
				ProcessInitializeOnLoadAttributes (143ms)
				ProcessInitializeOnLoadMethodAttributes (7ms)
				AfterProcessingInitializeOnLoad (9ms)
				EditorAssembliesLoaded (0ms)
			ExecutionOrderSort2 (0ms)
			AwakeInstancesAfterBackupRestoration (5ms)
Platform modules already initialized, skipping
Refreshing native plugins compatible for Editor in 0.37 ms, found 2 plugins.
Preloading 0 native plugins for Editor in 0.00 ms.
Unloading 1547 Unused Serialized files (Serialized files now loaded: 0)
System memory in use before: 143.4 MB.
System memory in use after: 143.5 MB.

Unloading 14 unused Assets to reduce memory usage. Loaded Objects now: 2086.
Total: 2.160300 ms (FindLiveObjects: 0.127900 ms CreateObjectMapping: 0.032900 ms MarkObjects: 1.983900 ms  DeleteObjects: 0.014200 ms)

AssetImportParameters requested are different than current active one (requested -> active):
  custom:framework-win-MediaFoundation: 216162199b28c13a410421893ffa2e32 -> 
  custom:video-decoder-ogg-theora: a1e56fd34408186e4bbccfd4996cb3dc -> 
  custom:container-muxer-webm: aa71ff27fc2769a1b78a27578f13a17b -> 
  custom:container-demuxer-webm: 4f35f7cbe854078d1ac9338744f61a02 -> 
  custom:container-demuxer-ogg: 62fdf1f143b41e24485cea50d1cbac27 -> 
  custom:video-encoder-webm-vp8: eb34c28f22e8b96e1ab97ce403110664 -> 
  custom:video-codec-MediaFoundation-h265: 746d11721c4dcdbdad8f713fa42b33f4 -> 
  custom:video-decoder-webm-vp8: 9c59270c3fd7afecdb556c50c9e8de78 -> 
  custom:audio-decoder-ogg-vorbis: bf7c407c2cedff20999df2af8eb42d56 -> 
  custom:audio-encoder-webm-vorbis: bf7c407c2cedff20999df2af8eb42d56 -> 
========================================================================
Received Import Request.
  Time since last request: 2002.566112 seconds.
  path: Assets/QuarterView 3D Action BE5/Demo/Demo
  artifactKey: Guid(335280137d693bd498c9f8f6c35c2c4b) Importer(815301076,1909f56bfc062723c751e8b465ee728b)
Start importing Assets/QuarterView 3D Action BE5/Demo/Demo using Guid(335280137d693bd498c9f8f6c35c2c4b) Importer(815301076,1909f56bfc062723c751e8b465ee728b)  -> (artifact id: '4856cb4b86131ee6429e7ad60f9b5ded') in 0.006371 seconds 
  Import took 0.009537 seconds .

========================================================================
Received Import Request.
  Time since last request: 9.087820 seconds.
  path: Assets/QuarterView 3D Action BE5/Demo/Demo/Ac Player.controller
  artifactKey: Guid(f98c2a62bf9133448ba3607bcdffadb6) Importer(815301076,1909f56bfc062723c751e8b465ee728b)
Start importing Assets/QuarterView 3D Action BE5/Demo/Demo/Ac Player.controller using Guid(f98c2a62bf9133448ba3607bcdffadb6) Importer(815301076,1909f56bfc062723c751e8b465ee728b)  -> (artifact id: '14caf2d6a0b72ba74509936d3acc7930') in 0.062843 seconds 
  Import took 0.066277 seconds .

========================================================================
Received Import Request.
  Time since last request: 163.803542 seconds.
  path: Assets/3Animation/Player.controller
  artifactKey: Guid(4f7697f0f7a214c47ae3f3356aa56b55) Importer(815301076,1909f56bfc062723c751e8b465ee728b)
Start importing Assets/3Animation/Player.controller using Guid(4f7697f0f7a214c47ae3f3356aa56b55) Importer(815301076,1909f56bfc062723c751e8b465ee728b)  -> (artifact id: 'f558472f82c30f4e8c3366e2fb44b65d') in 0.006815 seconds 
  Import took 0.010557 seconds .

========================================================================
Received Prepare
Registering precompiled user dll's ...
Registered in 0.004608 seconds.
Begin MonoManager ReloadAssembly
Native extension for WindowsStandalone target not found
Refreshing native plugins compatible for Editor in 0.35 ms, found 2 plugins.
Preloading 0 native plugins for Editor in 0.00 ms.
Mono: successfully reloaded assembly
- Completed reload, in  0.746 seconds
Domain Reload Profiling:
	ReloadAssembly (747ms)
		BeginReloadAssembly (103ms)
			ExecutionOrderSort (0ms)
			DisableScriptedObjects (3ms)
			BackupInstance (0ms)
			ReleaseScriptingObjects (0ms)
			CreateAndSetChildDomain (26ms)
		EndReloadAssembly (591ms)
			LoadAssemblies (76ms)
			RebuildTransferFunctionScriptingTraits (0ms)
			SetupTypeCache (204ms)
			ReleaseScriptCaches (1ms)
			RebuildScriptCaches (27ms)
			SetupLoadedEditorAssemblies (220ms)
				LogAssemblyErrors (0ms)
				InitializePlatformSupportModulesInManaged (4ms)
				SetLoadedEditorAssemblies (1ms)
				RefreshPlugins (0ms)
				BeforeProcessingInitializeOnLoad (62ms)
				ProcessInitializeOnLoadAttributes (139ms)
				ProcessInitializeOnLoadMethodAttributes (7ms)
				AfterProcessingInitializeOnLoad (9ms)
				EditorAssembliesLoaded (0ms)
			ExecutionOrderSort2 (0ms)
			AwakeInstancesAfterBackupRestoration (5ms)
Platform modules already initialized, skipping
Refreshing native plugins compatible for Editor in 0.37 ms, found 2 plugins.
Preloading 0 native plugins for Editor in 0.00 ms.
Unloading 1547 Unused Serialized files (Serialized files now loaded: 0)
System memory in use before: 143.4 MB.
System memory in use after: 143.5 MB.

Unloading 14 unused Assets to reduce memory usage. Loaded Objects now: 2088.
Total: 2.519800 ms (FindLiveObjects: 0.155500 ms CreateObjectMapping: 0.028200 ms MarkObjects: 2.319500 ms  DeleteObjects: 0.015300 ms)

AssetImportParameters requested are different than current active one (requested -> active):
  custom:framework-win-MediaFoundation: 216162199b28c13a410421893ffa2e32 -> 
  custom:video-decoder-ogg-theora: a1e56fd34408186e4bbccfd4996cb3dc -> 
  custom:container-muxer-webm: aa71ff27fc2769a1b78a27578f13a17b -> 
  custom:container-demuxer-webm: 4f35f7cbe854078d1ac9338744f61a02 -> 
  custom:container-demuxer-ogg: 62fdf1f143b41e24485cea50d1cbac27 -> 
  custom:video-encoder-webm-vp8: eb34c28f22e8b96e1ab97ce403110664 -> 
  custom:video-codec-MediaFoundation-h265: 746d11721c4dcdbdad8f713fa42b33f4 -> 
  custom:video-decoder-webm-vp8: 9c59270c3fd7afecdb556c50c9e8de78 -> 
  custom:audio-decoder-ogg-vorbis: bf7c407c2cedff20999df2af8eb42d56 -> 
  custom:audio-encoder-webm-vorbis: bf7c407c2cedff20999df2af8eb42d56 -> 
========================================================================
Received Import Request.
  Time since last request: 898.740018 seconds.
  path: Assets/Items - Wand Pack/Models
  artifactKey: Guid(d1fe72f7455c9424a80b0b20a37fd367) Importer(815301076,1909f56bfc062723c751e8b465ee728b)
Start importing Assets/Items - Wand Pack/Models using Guid(d1fe72f7455c9424a80b0b20a37fd367) Importer(815301076,1909f56bfc062723c751e8b465ee728b)  -> (artifact id: 'b7c24cb2879dca2456efa3934e8ec48c') in 0.009227 seconds 
  Import took 0.014686 seconds .

========================================================================
Received Import Request.
  Time since last request: 0.186100 seconds.
  path: Assets/Items - Wand Pack/Models/WandPack01.FBX
  artifactKey: Guid(7374575f12d49ba459e91009f7a9ec62) Importer(815301076,1909f56bfc062723c751e8b465ee728b)
Start importing Assets/Items - Wand Pack/Models/WandPack01.FBX using Guid(7374575f12d49ba459e91009f7a9ec62) Importer(815301076,1909f56bfc062723c751e8b465ee728b)  -> (artifact id: 'fcf901ac23371c8883999374053a4301') in 0.626014 seconds 
  Import took 0.629449 seconds .

========================================================================
Received Import Request.
  Time since last request: 3.622370 seconds.
  path: Assets/Items - Wand Pack/Materials/WandPack01.mat
  artifactKey: Guid(b27fa8aa11d99d440bab56b1de24981f) Importer(815301076,1909f56bfc062723c751e8b465ee728b)
Start importing Assets/Items - Wand Pack/Materials/WandPack01.mat using Guid(b27fa8aa11d99d440bab56b1de24981f) Importer(815301076,1909f56bfc062723c751e8b465ee728b)  -> (artifact id: '6d19e823f4533c60a7c7629351ec1ea8') in 0.023989 seconds 
  Import took 0.027100 seconds .

========================================================================
Received Import Request.
  Time since last request: 0.786653 seconds.
  path: Assets/Items - Wand Pack/Prefabs/orb01_blue.prefab
  artifactKey: Guid(59d1ef214639e9d47a9c84b42033ae5f) Importer(815301076,1909f56bfc062723c751e8b465ee728b)
Start importing Assets/Items - Wand Pack/Prefabs/orb01_blue.prefab using Guid(59d1ef214639e9d47a9c84b42033ae5f) Importer(815301076,1909f56bfc062723c751e8b465ee728b)  -> (artifact id: 'a988dbf9b0ae9e65f6e29f72af840b1d') in 0.016761 seconds 
  Import took 0.019969 seconds .

========================================================================
Received Import Request.
  Time since last request: 0.000254 seconds.
  path: Assets/Items - Wand Pack/Prefabs/wand04_yellow.prefab
  artifactKey: Guid(7fa17baa3b5675444b8ceb73ad0fd39d) Importer(815301076,1909f56bfc062723c751e8b465ee728b)
Start importing Assets/Items - Wand Pack/Prefabs/wand04_yellow.prefab using Guid(7fa17baa3b5675444b8ceb73ad0fd39d) Importer(815301076,1909f56bfc062723c751e8b465ee728b)  -> (artifact id: 'ec712ca36e892fae75562ff9ebaafdc2') in 0.012178 seconds 
  Import took 0.015667 seconds .

========================================================================
Received Import Request.
  Time since last request: 0.000171 seconds.
  path: Assets/Items - Wand Pack/Prefabs/orb02_purple.prefab
  artifactKey: Guid(e753cdb0f185de742825663e5775c193) Importer(815301076,1909f56bfc062723c751e8b465ee728b)
Start importing Assets/Items - Wand Pack/Prefabs/orb02_purple.prefab using Guid(e753cdb0f185de742825663e5775c193) Importer(815301076,1909f56bfc062723c751e8b465ee728b)  -> (artifact id: 'c86e6cc5b98c7d6b84ff6c65a70a38e4') in 0.016372 seconds 
  Import took 0.020743 seconds .

========================================================================
Received Import Request.
  Time since last request: 0.000278 seconds.
  path: Assets/Items - Wand Pack/Prefabs/wand01_red.prefab
  artifactKey: Guid(f05ca6457085e0f428373f98413918ea) Importer(815301076,1909f56bfc062723c751e8b465ee728b)
Start importing Assets/Items - Wand Pack/Prefabs/wand01_red.prefab using Guid(f05ca6457085e0f428373f98413918ea) Importer(815301076,1909f56bfc062723c751e8b465ee728b)  -> (artifact id: '43bcad7e52aa2b786fa5c35dbd1a0967') in 0.021055 seconds 
  Import took 0.025680 seconds .

========================================================================
Received Import Request.
  Time since last request: 0.000278 seconds.
  path: Assets/Items - Wand Pack/Prefabs/orb03_blue.prefab
  artifactKey: Guid(95a944a4cb98c39469dfeb7ac33fffe1) Importer(815301076,1909f56bfc062723c751e8b465ee728b)
Start importing Assets/Items - Wand Pack/Prefabs/orb03_blue.prefab using Guid(95a944a4cb98c39469dfeb7ac33fffe1) Importer(815301076,1909f56bfc062723c751e8b465ee728b)  -> (artifact id: '264e3904995270e5d4133725433e7a58') in 0.019121 seconds 
  Import took 0.024018 seconds .

========================================================================
Received Import Request.
  Time since last request: 0.000326 seconds.
  path: Assets/Items - Wand Pack/Prefabs/orb05_red.prefab
  artifactKey: Guid(f48808dd723ddf047afed72966b4bad4) Importer(815301076,1909f56bfc062723c751e8b465ee728b)
Start importing Assets/Items - Wand Pack/Prefabs/orb05_red.prefab using Guid(f48808dd723ddf047afed72966b4bad4) Importer(815301076,1909f56bfc062723c751e8b465ee728b)  -> (artifact id: 'f5b5987ff2aed33b901708baa368409f') in 0.018348 seconds 
  Import took 0.023837 seconds .

========================================================================
Received Import Request.
  Time since last request: 0.000210 seconds.
  path: Assets/Items - Wand Pack/Prefabs/wand05_yellow.prefab
  artifactKey: Guid(0c91618feef20c948a5f1566ab1d8275) Importer(815301076,1909f56bfc062723c751e8b465ee728b)
Start importing Assets/Items - Wand Pack/Prefabs/wand05_yellow.prefab using Guid(0c91618feef20c948a5f1566ab1d8275) Importer(815301076,1909f56bfc062723c751e8b465ee728b)  -> (artifact id: '4f25a6b54a6bccdd65b66b19c9c50fd5') in 0.018646 seconds 
  Import took 0.023110 seconds .

========================================================================
Received Import Request.
  Time since last request: 0.000410 seconds.
  path: Assets/Items - Wand Pack/Prefabs/orb05_green.prefab
  artifactKey: Guid(66009ea93fa036c4e830f9f2a4c06a18) Importer(815301076,1909f56bfc062723c751e8b465ee728b)
Start importing Assets/Items - Wand Pack/Prefabs/orb05_green.prefab using Guid(66009ea93fa036c4e830f9f2a4c06a18) Importer(815301076,1909f56bfc062723c751e8b465ee728b)  -> (artifact id: 'efbb32eac9d884176174a2cde5e3e250') in 0.014304 seconds 
  Import took 0.018119 seconds .

========================================================================
Received Import Request.
  Time since last request: 0.000199 seconds.
  path: Assets/Items - Wand Pack/Prefabs/orb02_blue.prefab
  artifactKey: Guid(db2bbe470decdb34388b5f22e94766fa) Importer(815301076,1909f56bfc062723c751e8b465ee728b)
Start importing Assets/Items - Wand Pack/Prefabs/orb02_blue.prefab using Guid(db2bbe470decdb34388b5f22e94766fa) Importer(815301076,1909f56bfc062723c751e8b465ee728b)  -> (artifact id: 'a8491fb3c2f4bc4391860e61bcd2a821') in 0.020714 seconds 
  Import took 0.024858 seconds .

========================================================================
Received Import Request.
  Time since last request: 0.000249 seconds.
  path: Assets/Items - Wand Pack/Prefabs/wand02_yellow.prefab
  artifactKey: Guid(e9035ef32e00e094fa30b792f7375a57) Importer(815301076,1909f56bfc062723c751e8b465ee728b)
Start importing Assets/Items - Wand Pack/Prefabs/wand02_yellow.prefab using Guid(e9035ef32e00e094fa30b792f7375a57) Importer(815301076,1909f56bfc062723c751e8b465ee728b)  -> (artifact id: '137282a52b3e4d1c77f800660e509851') in 0.022194 seconds 
  Import took 0.027010 seconds .

========================================================================
Received Import Request.
  Time since last request: 0.000168 seconds.
  path: Assets/Items - Wand Pack/Prefabs/wand03_blue.prefab
  artifactKey: Guid(289062a2b299f714980c64eaaa5623c5) Importer(815301076,1909f56bfc062723c751e8b465ee728b)
Start importing Assets/Items - Wand Pack/Prefabs/wand03_blue.prefab using Guid(289062a2b299f714980c64eaaa5623c5) Importer(815301076,1909f56bfc062723c751e8b465ee728b)  -> (artifact id: '839d2a75fa73360b8fa983d07b89ebf4') in 0.012903 seconds 
  Import took 0.017446 seconds .

========================================================================
Received Import Request.
  Time since last request: 0.000215 seconds.
  path: Assets/Items - Wand Pack/Prefabs/wand05_red.prefab
  artifactKey: Guid(af9661a118d78d34498796cfeae92dfb) Importer(815301076,1909f56bfc062723c751e8b465ee728b)
Start importing Assets/Items - Wand Pack/Prefabs/wand05_red.prefab using Guid(af9661a118d78d34498796cfeae92dfb) Importer(815301076,1909f56bfc062723c751e8b465ee728b)  -> (artifact id: '19ef62224f2c2b06f10fd097583c8a42') in 0.017977 seconds 
  Import took 0.023520 seconds .

========================================================================
Received Import Request.
  Time since last request: 0.000234 seconds.
  path: Assets/Items - Wand Pack/Prefabs/orb02_yellow.prefab
  artifactKey: Guid(3e922353e24277445b297af942c2c4d3) Importer(815301076,1909f56bfc062723c751e8b465ee728b)
Start importing Assets/Items - Wand Pack/Prefabs/orb02_yellow.prefab using Guid(3e922353e24277445b297af942c2c4d3) Importer(815301076,1909f56bfc062723c751e8b465ee728b)  -> (artifact id: 'a20e2181b3d55802819c0f296d4e6a9f') in 0.019040 seconds 
  Import took 0.024408 seconds .

========================================================================
Received Import Request.
  Time since last request: 0.000201 seconds.
  path: Assets/Items - Wand Pack/Prefabs/orb03_red.prefab
  artifactKey: Guid(ab24ef0900089004a8d270a23704c140) Importer(815301076,1909f56bfc062723c751e8b465ee728b)
Start importing Assets/Items - Wand Pack/Prefabs/orb03_red.prefab using Guid(ab24ef0900089004a8d270a23704c140) Importer(815301076,1909f56bfc062723c751e8b465ee728b)  -> (artifact id: 'fcd1fc5cb562530af4672cbf2b788e79') in 0.017794 seconds 
  Import took 0.022008 seconds .

========================================================================
Received Import Request.
  Time since last request: 0.000215 seconds.
  path: Assets/Items - Wand Pack/Prefabs/orb04_green.prefab
  artifactKey: Guid(4429006b7cac93d40910746372ea5184) Importer(815301076,1909f56bfc062723c751e8b465ee728b)
Start importing Assets/Items - Wand Pack/Prefabs/orb04_green.prefab using Guid(4429006b7cac93d40910746372ea5184) Importer(815301076,1909f56bfc062723c751e8b465ee728b)  -> (artifact id: '62de7a2e8f6a95d3081459ea243214c6') in 0.022108 seconds 
  Import took 0.027218 seconds .

========================================================================
Received Import Request.
  Time since last request: 0.000251 seconds.
  path: Assets/Items - Wand Pack/Prefabs/wand03_yellow.prefab
  artifactKey: Guid(f860e21d40912044096cc8d6b2501579) Importer(815301076,1909f56bfc062723c751e8b465ee728b)
Start importing Assets/Items - Wand Pack/Prefabs/wand03_yellow.prefab using Guid(f860e21d40912044096cc8d6b2501579) Importer(815301076,1909f56bfc062723c751e8b465ee728b)  -> (artifact id: '799d1ea36c89c8e4c35668f2fa71d485') in 0.015850 seconds 
  Import took 0.018946 seconds .

========================================================================
Received Import Request.
  Time since last request: 0.000610 seconds.
  path: Assets/Items - Wand Pack/Prefabs/orb03_green.prefab
  artifactKey: Guid(e107e09caa1d609499f8d790e75a44f9) Importer(815301076,1909f56bfc062723c751e8b465ee728b)
Start importing Assets/Items - Wand Pack/Prefabs/orb03_green.prefab using Guid(e107e09caa1d609499f8d790e75a44f9) Importer(815301076,1909f56bfc062723c751e8b465ee728b)  -> (artifact id: '45ddc22695170026b8e8f226d780bede') in 0.020887 seconds 
  Import took 0.026548 seconds .

========================================================================
Received Import Request.
  Time since last request: 0.000283 seconds.
  path: Assets/Items - Wand Pack/Prefabs/wand05_purple.prefab
  artifactKey: Guid(5def597caa15aea42ac3983f8dac7ad9) Importer(815301076,1909f56bfc062723c751e8b465ee728b)
Start importing Assets/Items - Wand Pack/Prefabs/wand05_purple.prefab using Guid(5def597caa15aea42ac3983f8dac7ad9) Importer(815301076,1909f56bfc062723c751e8b465ee728b)  -> (artifact id: 'a053b5176b0e6ed1c73d2d93e82257ea') in 0.014726 seconds 
  Import took 0.019641 seconds .

========================================================================
Received Import Request.
  Time since last request: 0.000141 seconds.
  path: Assets/Items - Wand Pack/Prefabs/orb05_purple.prefab
  artifactKey: Guid(e6c72eddf31e5704a803b12dc1b20157) Importer(815301076,1909f56bfc062723c751e8b465ee728b)
Start importing Assets/Items - Wand Pack/Prefabs/orb05_purple.prefab using Guid(e6c72eddf31e5704a803b12dc1b20157) Importer(815301076,1909f56bfc062723c751e8b465ee728b)  -> (artifact id: 'fd0a04948f34a236d1761824b01d9af7') in 0.015670 seconds 
  Import took 0.018749 seconds .

========================================================================
Received Import Request.
  Time since last request: 0.000267 seconds.
  path: Assets/Items - Wand Pack/Prefabs/orb05_blue.prefab
  artifactKey: Guid(627e36a0129013a47a9ff4c741c3f6d6) Importer(815301076,1909f56bfc062723c751e8b465ee728b)
Start importing Assets/Items - Wand Pack/Prefabs/orb05_blue.prefab using Guid(627e36a0129013a47a9ff4c741c3f6d6) Importer(815301076,1909f56bfc062723c751e8b465ee728b)  -> (artifact id: '09131cd4b800ac71d8c9f27b2a432961') in 0.018161 seconds 
  Import took 0.022485 seconds .

========================================================================
Received Import Request.
  Time since last request: 0.000199 seconds.
  path: Assets/Items - Wand Pack/Prefabs/wand05_green.prefab
  artifactKey: Guid(2ec0a21ef68f64a46864ad388da793c4) Importer(815301076,1909f56bfc062723c751e8b465ee728b)
Start importing Assets/Items - Wand Pack/Prefabs/wand05_green.prefab using Guid(2ec0a21ef68f64a46864ad388da793c4) Importer(815301076,1909f56bfc062723c751e8b465ee728b)  -> (artifact id: '2532cc3888a2715c2a58b2530ea7eb6b') in 0.016840 seconds 
  Import took 0.020343 seconds .

========================================================================
Received Import Request.
  Time since last request: 0.000191 seconds.
  path: Assets/Items - Wand Pack/Prefabs/orb01_green.prefab
  artifactKey: Guid(630d071487eaca14d9b95c823ddb7dfc) Importer(815301076,1909f56bfc062723c751e8b465ee728b)
Start importing Assets/Items - Wand Pack/Prefabs/orb01_green.prefab using Guid(630d071487eaca14d9b95c823ddb7dfc) Importer(815301076,1909f56bfc062723c751e8b465ee728b)  -> (artifact id: 'c8fa816a263b59d7aeb5ae5ef07506a9') in 0.013728 seconds 
  Import took 0.018150 seconds .

========================================================================
Received Import Request.
  Time since last request: 0.000347 seconds.
  path: Assets/Items - Wand Pack/Prefabs/wand03_green.prefab
  artifactKey: Guid(2b46cc393735f634f89cb88a9e97aaa7) Importer(815301076,1909f56bfc062723c751e8b465ee728b)
Start importing Assets/Items - Wand Pack/Prefabs/wand03_green.prefab using Guid(2b46cc393735f634f89cb88a9e97aaa7) Importer(815301076,1909f56bfc062723c751e8b465ee728b)  -> (artifact id: '93e02bf25765e21ac35b2ed7617d4137') in 0.013626 seconds 
  Import took 0.016950 seconds .

========================================================================
Received Import Request.
  Time since last request: 0.000674 seconds.
  path: Assets/Items - Wand Pack/Prefabs/wand02_red.prefab
  artifactKey: Guid(a5132481e1eaddb4e93b7cd8def7b311) Importer(815301076,1909f56bfc062723c751e8b465ee728b)
Start importing Assets/Items - Wand Pack/Prefabs/wand02_red.prefab using Guid(a5132481e1eaddb4e93b7cd8def7b311) Importer(815301076,1909f56bfc062723c751e8b465ee728b)  -> (artifact id: '876d4478c74fd108f83b0db27ca89570') in 0.020144 seconds 
  Import took 0.023822 seconds .

========================================================================
Received Import Request.
  Time since last request: 0.000275 seconds.
  path: Assets/Items - Wand Pack/Prefabs/wand01_blue.prefab
  artifactKey: Guid(14a1089dfc8b2f949937da50bf38bc90) Importer(815301076,1909f56bfc062723c751e8b465ee728b)
Start importing Assets/Items - Wand Pack/Prefabs/wand01_blue.prefab using Guid(14a1089dfc8b2f949937da50bf38bc90) Importer(815301076,1909f56bfc062723c751e8b465ee728b)  -> (artifact id: '02a65c0e390b3f7015d56689063e8310') in 0.016104 seconds 
  Import took 0.021606 seconds .

========================================================================
Received Import Request.
  Time since last request: 0.000223 seconds.
  path: Assets/Items - Wand Pack/Prefabs/wand02_green.prefab
  artifactKey: Guid(a672d883412876f44995d03608c806db) Importer(815301076,1909f56bfc062723c751e8b465ee728b)
Start importing Assets/Items - Wand Pack/Prefabs/wand02_green.prefab using Guid(a672d883412876f44995d03608c806db) Importer(815301076,1909f56bfc062723c751e8b465ee728b)  -> (artifact id: '5f8be3abd14e9742d96737a81d2d2cf1') in 0.018145 seconds 
  Import took 0.022272 seconds .

========================================================================
Received Import Request.
  Time since last request: 0.000270 seconds.
  path: Assets/Items - Wand Pack/Prefabs/orb04_red.prefab
  artifactKey: Guid(3cfec4cf1fb2fc84a8f9c9a24eede5cf) Importer(815301076,1909f56bfc062723c751e8b465ee728b)
Start importing Assets/Items - Wand Pack/Prefabs/orb04_red.prefab using Guid(3cfec4cf1fb2fc84a8f9c9a24eede5cf) Importer(815301076,1909f56bfc062723c751e8b465ee728b)  -> (artifact id: '6619cbabc3015f66213b44df253281f2') in 0.017783 seconds 
  Import took 0.023079 seconds .

========================================================================
Received Import Request.
  Time since last request: 0.000205 seconds.
  path: Assets/Items - Wand Pack/Prefabs/orb02_red.prefab
  artifactKey: Guid(fe154808fbcd4bc41a6e25d84d8fbbec) Importer(815301076,1909f56bfc062723c751e8b465ee728b)
Start importing Assets/Items - Wand Pack/Prefabs/orb02_red.prefab using Guid(fe154808fbcd4bc41a6e25d84d8fbbec) Importer(815301076,1909f56bfc062723c751e8b465ee728b)  -> (artifact id: '821cce2cad7346066226e9f283bfa1b3') in 0.017294 seconds 
  Import took 0.021727 seconds .

========================================================================
Received Import Request.
  Time since last request: 0.000233 seconds.
  path: Assets/Items - Wand Pack/Prefabs/orb05_yellow.prefab
  artifactKey: Guid(024878416813e4d4584ce0b722a07abd) Importer(815301076,1909f56bfc062723c751e8b465ee728b)
Start importing Assets/Items - Wand Pack/Prefabs/orb05_yellow.prefab using Guid(024878416813e4d4584ce0b722a07abd) Importer(815301076,1909f56bfc062723c751e8b465ee728b)  -> (artifact id: 'a00220a175352e7e5dcd84153c00352b') in 0.016844 seconds 
  Import took 0.021374 seconds .

========================================================================
Received Import Request.
  Time since last request: 0.000237 seconds.
  path: Assets/Items - Wand Pack/Prefabs/orb02_green.prefab
  artifactKey: Guid(adc19f74ee7df5144a498cd1c2e2cfe7) Importer(815301076,1909f56bfc062723c751e8b465ee728b)
Start importing Assets/Items - Wand Pack/Prefabs/orb02_green.prefab using Guid(adc19f74ee7df5144a498cd1c2e2cfe7) Importer(815301076,1909f56bfc062723c751e8b465ee728b)  -> (artifact id: '3529b0646378fb5899b286ec2f59e2a0') in 0.012743 seconds 
  Import took 0.017175 seconds .

========================================================================
Received Import Request.
  Time since last request: 0.000421 seconds.
  path: Assets/Items - Wand Pack/Prefabs/wand05_blue.prefab
  artifactKey: Guid(7e4fe71e8701ed147ac48614044e1c01) Importer(815301076,1909f56bfc062723c751e8b465ee728b)
Start importing Assets/Items - Wand Pack/Prefabs/wand05_blue.prefab using Guid(7e4fe71e8701ed147ac48614044e1c01) Importer(815301076,1909f56bfc062723c751e8b465ee728b)  -> (artifact id: '328bde4a1eae0af46952ee9328b2500c') in 0.013329 seconds 
  Import took 0.017690 seconds .

========================================================================
Received Import Request.
  Time since last request: 0.000258 seconds.
  path: Assets/Items - Wand Pack/Prefabs/orb04_purple.prefab
  artifactKey: Guid(acfc696393912ec4d9d387c260264026) Importer(815301076,1909f56bfc062723c751e8b465ee728b)
Start importing Assets/Items - Wand Pack/Prefabs/orb04_purple.prefab using Guid(acfc696393912ec4d9d387c260264026) Importer(815301076,1909f56bfc062723c751e8b465ee728b)  -> (artifact id: '1a4e83d806d720e0e18eb65991da3b69') in 0.014465 seconds 
  Import took 0.017548 seconds .

========================================================================
Received Import Request.
  Time since last request: 0.000170 seconds.
  path: Assets/Items - Wand Pack/Prefabs/wand01_purple.prefab
  artifactKey: Guid(afbde1d23e194df4ebd0a82acfcca0dc) Importer(815301076,1909f56bfc062723c751e8b465ee728b)
Start importing Assets/Items - Wand Pack/Prefabs/wand01_purple.prefab using Guid(afbde1d23e194df4ebd0a82acfcca0dc) Importer(815301076,1909f56bfc062723c751e8b465ee728b)  -> (artifact id: '695d08fc9aca6a6d9a855100533be389') in 0.014262 seconds 
  Import took 0.018135 seconds .

========================================================================
Received Import Request.
  Time since last request: 0.000567 seconds.
  path: Assets/Items - Wand Pack/Prefabs/orb01_yellow.prefab
  artifactKey: Guid(195cbda276432fc4688c35cecf923faa) Importer(815301076,1909f56bfc062723c751e8b465ee728b)
Start importing Assets/Items - Wand Pack/Prefabs/orb01_yellow.prefab using Guid(195cbda276432fc4688c35cecf923faa) Importer(815301076,1909f56bfc062723c751e8b465ee728b)  -> (artifact id: '6fb59597647105e32e40a4d5d0668d31') in 0.013726 seconds 
  Import took 0.018298 seconds .

========================================================================
Received Import Request.
  Time since last request: 0.000233 seconds.
  path: Assets/Items - Wand Pack/Prefabs/wand03_red.prefab
  artifactKey: Guid(6af1ada55fbfe1c4f8e894084451d932) Importer(815301076,1909f56bfc062723c751e8b465ee728b)
Start importing Assets/Items - Wand Pack/Prefabs/wand03_red.prefab using Guid(6af1ada55fbfe1c4f8e894084451d932) Importer(815301076,1909f56bfc062723c751e8b465ee728b)  -> (artifact id: '7fa1e08cd58ac711c995a1f739fdd07a') in 0.014332 seconds 
  Import took 0.018028 seconds .

========================================================================
Received Import Request.
  Time since last request: 0.000166 seconds.
  path: Assets/Items - Wand Pack/Prefabs/wand03_purple.prefab
  artifactKey: Guid(002ce902530453c4f8c8289934f2578a) Importer(815301076,1909f56bfc062723c751e8b465ee728b)
Start importing Assets/Items - Wand Pack/Prefabs/wand03_purple.prefab using Guid(002ce902530453c4f8c8289934f2578a) Importer(815301076,1909f56bfc062723c751e8b465ee728b)  -> (artifact id: '7cbe014ad72d6cb2c6cc6718721392b0') in 0.015501 seconds 
  Import took 0.019640 seconds .

========================================================================
Received Import Request.
  Time since last request: 0.000282 seconds.
  path: Assets/Items - Wand Pack/Prefabs/wand02_blue.prefab
  artifactKey: Guid(d9a3ec0dc2aae4e43af8b98e0eeb7662) Importer(815301076,1909f56bfc062723c751e8b465ee728b)
Start importing Assets/Items - Wand Pack/Prefabs/wand02_blue.prefab using Guid(d9a3ec0dc2aae4e43af8b98e0eeb7662) Importer(815301076,1909f56bfc062723c751e8b465ee728b)  -> (artifact id: '86cd82662cdf5a56d3007196e2c1dd55') in 0.014237 seconds 
  Import took 0.018550 seconds .

========================================================================
Received Import Request.
  Time since last request: 0.000180 seconds.
  path: Assets/Items - Wand Pack/Prefabs/orb03_yellow.prefab
  artifactKey: Guid(61261ce941d899344aab804851fdbf13) Importer(815301076,1909f56bfc062723c751e8b465ee728b)
Start importing Assets/Items - Wand Pack/Prefabs/orb03_yellow.prefab using Guid(61261ce941d899344aab804851fdbf13) Importer(815301076,1909f56bfc062723c751e8b465ee728b)  -> (artifact id: '23497f6f9765b44ea46a5262fcb2a4f5') in 0.014946 seconds 
  Import took 0.018115 seconds .

========================================================================
Received Import Request.
  Time since last request: 0.000207 seconds.
  path: Assets/Items - Wand Pack/Prefabs/orb03_purple.prefab
  artifactKey: Guid(52d0039c33d4bb84f90b90803692252b) Importer(815301076,1909f56bfc062723c751e8b465ee728b)
Start importing Assets/Items - Wand Pack/Prefabs/orb03_purple.prefab using Guid(52d0039c33d4bb84f90b90803692252b) Importer(815301076,1909f56bfc062723c751e8b465ee728b)  -> (artifact id: 'ecf1adb25dfb9caa58022b7a82fe40ac') in 0.013461 seconds 
  Import took 0.018743 seconds .

========================================================================
Received Import Request.
  Time since last request: 0.000212 seconds.
  path: Assets/Items - Wand Pack/Prefabs/wand04_blue.prefab
  artifactKey: Guid(408d43af6e2bac94da16afdd10f63f0f) Importer(815301076,1909f56bfc062723c751e8b465ee728b)
Start importing Assets/Items - Wand Pack/Prefabs/wand04_blue.prefab using Guid(408d43af6e2bac94da16afdd10f63f0f) Importer(815301076,1909f56bfc062723c751e8b465ee728b)  -> (artifact id: '55efc7ae96fe19d8e2405067780210e2') in 0.014187 seconds 
  Import took 0.017068 seconds .

========================================================================
Received Import Request.
  Time since last request: 0.000190 seconds.
  path: Assets/Items - Wand Pack/Prefabs/orb01_red.prefab
  artifactKey: Guid(8eb36e8533db0334c88e703607efa78b) Importer(815301076,1909f56bfc062723c751e8b465ee728b)
Start importing Assets/Items - Wand Pack/Prefabs/orb01_red.prefab using Guid(8eb36e8533db0334c88e703607efa78b) Importer(815301076,1909f56bfc062723c751e8b465ee728b)  -> (artifact id: 'a2bd2b4ab32da8ddfed8908be6067e41') in 0.015409 seconds 
  Import took 0.020136 seconds .

========================================================================
Received Import Request.
  Time since last request: 0.000206 seconds.
  path: Assets/Items - Wand Pack/Prefabs/wand02_purple.prefab
  artifactKey: Guid(61dfa9230f6150741a861dd249a933ef) Importer(815301076,1909f56bfc062723c751e8b465ee728b)
Start importing Assets/Items - Wand Pack/Prefabs/wand02_purple.prefab using Guid(61dfa9230f6150741a861dd249a933ef) Importer(815301076,1909f56bfc062723c751e8b465ee728b)  -> (artifact id: '1091f136fb4a1e24d8d6a09c522d882f') in 0.014857 seconds 
  Import took 0.017964 seconds .

========================================================================
Received Import Request.
  Time since last request: 0.000316 seconds.
  path: Assets/Items - Wand Pack/Prefabs/orb04_blue.prefab
  artifactKey: Guid(0a7a31bbceedae94ab188b208a3fe3cf) Importer(815301076,1909f56bfc062723c751e8b465ee728b)
Start importing Assets/Items - Wand Pack/Prefabs/orb04_blue.prefab using Guid(0a7a31bbceedae94ab188b208a3fe3cf) Importer(815301076,1909f56bfc062723c751e8b465ee728b)  -> (artifact id: '0616dc4bc35436a1289d916c06d58075') in 0.017280 seconds 
  Import took 0.021698 seconds .

========================================================================
Received Import Request.
  Time since last request: 0.000204 seconds.
  path: Assets/Items - Wand Pack/Prefabs/wand04_purple.prefab
  artifactKey: Guid(12c69a31240dca742abe09b6c9abc1f0) Importer(815301076,1909f56bfc062723c751e8b465ee728b)
Start importing Assets/Items - Wand Pack/Prefabs/wand04_purple.prefab using Guid(12c69a31240dca742abe09b6c9abc1f0) Importer(815301076,1909f56bfc062723c751e8b465ee728b)  -> (artifact id: '9fc95edb29f11f4a48e20caf1e417aa8') in 0.015701 seconds 
  Import took 0.018896 seconds .

========================================================================
Received Import Request.
  Time since last request: 0.000337 seconds.
  path: Assets/Items - Wand Pack/Prefabs/wand04_red.prefab
  artifactKey: Guid(2e52ab7b27833a546a0f62de87d98a15) Importer(815301076,1909f56bfc062723c751e8b465ee728b)
Start importing Assets/Items - Wand Pack/Prefabs/wand04_red.prefab using Guid(2e52ab7b27833a546a0f62de87d98a15) Importer(815301076,1909f56bfc062723c751e8b465ee728b)  -> (artifact id: '72d388fd66882d57e9aef0cc108b5653') in 0.014812 seconds 
  Import took 0.019415 seconds .

========================================================================
Received Import Request.
  Time since last request: 0.000171 seconds.
  path: Assets/Items - Wand Pack/Prefabs/wand01_green.prefab
  artifactKey: Guid(b45691375aa24164dbfa7ad14ebec8f2) Importer(815301076,1909f56bfc062723c751e8b465ee728b)
Start importing Assets/Items - Wand Pack/Prefabs/wand01_green.prefab using Guid(b45691375aa24164dbfa7ad14ebec8f2) Importer(815301076,1909f56bfc062723c751e8b465ee728b)  -> (artifact id: '067348faa8025e0b8ecf0a169de1c7c7') in 0.018455 seconds 
  Import took 0.023256 seconds .

========================================================================
Received Import Request.
  Time since last request: 0.000426 seconds.
  path: Assets/Items - Wand Pack/Prefabs/orb01_purple.prefab
  artifactKey: Guid(2f40dfe8a438c40419d0a77209227a6e) Importer(815301076,1909f56bfc062723c751e8b465ee728b)
Start importing Assets/Items - Wand Pack/Prefabs/orb01_purple.prefab using Guid(2f40dfe8a438c40419d0a77209227a6e) Importer(815301076,1909f56bfc062723c751e8b465ee728b)  -> (artifact id: '0e74eb68bb7f9cf52c364015af1dc634') in 0.013944 seconds 
  Import took 0.018313 seconds .

========================================================================
Received Import Request.
  Time since last request: 0.000207 seconds.
  path: Assets/Items - Wand Pack/Prefabs/wand04_green.prefab
  artifactKey: Guid(ca8bafd9a86d1c84a9a66e519b492835) Importer(815301076,1909f56bfc062723c751e8b465ee728b)
Start importing Assets/Items - Wand Pack/Prefabs/wand04_green.prefab using Guid(ca8bafd9a86d1c84a9a66e519b492835) Importer(815301076,1909f56bfc062723c751e8b465ee728b)  -> (artifact id: '0e649f7252a23d27abae78b520f51ffe') in 0.013827 seconds 
  Import took 0.017743 seconds .

========================================================================
Received Import Request.
  Time since last request: 0.000208 seconds.
  path: Assets/Items - Wand Pack/Prefabs/wand01_yellow.prefab
  artifactKey: Guid(f974ad7c294dd994db976cbd37ed92e1) Importer(815301076,1909f56bfc062723c751e8b465ee728b)
Start importing Assets/Items - Wand Pack/Prefabs/wand01_yellow.prefab using Guid(f974ad7c294dd994db976cbd37ed92e1) Importer(815301076,1909f56bfc062723c751e8b465ee728b)  -> (artifact id: 'b577e59475601cea50421b1ebad1a3d2') in 0.014262 seconds 
  Import took 0.018502 seconds .

========================================================================
Received Import Request.
  Time since last request: 0.000205 seconds.
  path: Assets/Items - Wand Pack/Prefabs/orb04_yellow.prefab
  artifactKey: Guid(70132c1c562fb03419f08eabde6d6e20) Importer(815301076,1909f56bfc062723c751e8b465ee728b)
Start importing Assets/Items - Wand Pack/Prefabs/orb04_yellow.prefab using Guid(70132c1c562fb03419f08eabde6d6e20) Importer(815301076,1909f56bfc062723c751e8b465ee728b)  -> (artifact id: 'a2ab13584153177bc2562da405d12f62') in 0.014910 seconds 
  Import took 0.019371 seconds .

========================================================================
Received Import Request.
  Time since last request: 1.654563 seconds.
  path: Assets/Items - Wand Pack/Textures/texture01.PSD
  artifactKey: Guid(e69c70d80df2ecd4abd2fc7987f311d1) Importer(815301076,1909f56bfc062723c751e8b465ee728b)
Start importing Assets/Items - Wand Pack/Textures/texture01.PSD using Guid(e69c70d80df2ecd4abd2fc7987f311d1) Importer(815301076,1909f56bfc062723c751e8b465ee728b)  -> (artifact id: '4da010a1e6399108cc4f4dfb175f220f') in 0.015736 seconds 
  Import took 0.018542 seconds .

========================================================================
Received Import Request.
  Time since last request: 185.057932 seconds.
  path: Assets/52SpecialEffectPack/Texture/Spark6.mat
  artifactKey: Guid(d1a2286650468fe4ca4aba51af7bbe67) Importer(815301076,1909f56bfc062723c751e8b465ee728b)
Start importing Assets/52SpecialEffectPack/Texture/Spark6.mat using Guid(d1a2286650468fe4ca4aba51af7bbe67) Importer(815301076,1909f56bfc062723c751e8b465ee728b)  -> (artifact id: '7948ebe151c081e4b9f9b47b7c468558') in 0.018257 seconds 
  Import took 0.022382 seconds .

========================================================================
Received Import Request.
  Time since last request: 0.000380 seconds.
  path: Assets/52SpecialEffectPack/Texture/Star3.mat
  artifactKey: Guid(6468e83b5ee73a04287f94a26ef7a66e) Importer(815301076,1909f56bfc062723c751e8b465ee728b)
Start importing Assets/52SpecialEffectPack/Texture/Star3.mat using Guid(6468e83b5ee73a04287f94a26ef7a66e) Importer(815301076,1909f56bfc062723c751e8b465ee728b)  -> (artifact id: '0cefebda8c98705a78913b53914f4436') in 0.010898 seconds 
  Import took 0.014754 seconds .

========================================================================
Received Import Request.
  Time since last request: 0.000347 seconds.
  path: Assets/52SpecialEffectPack/Texture/Star.png
  artifactKey: Guid(d0cf05a73906f5d449c94416f065267c) Importer(815301076,1909f56bfc062723c751e8b465ee728b)
Start importing Assets/52SpecialEffectPack/Texture/Star.png using Guid(d0cf05a73906f5d449c94416f065267c) Importer(815301076,1909f56bfc062723c751e8b465ee728b)  -> (artifact id: '8c0eb9ee3597f6654179351e4bf6d822') in 0.014469 seconds 
  Import took 0.019391 seconds .

========================================================================
Received Import Request.
  Time since last request: 0.000295 seconds.
  path: Assets/52SpecialEffectPack/Texture/Star4.png
  artifactKey: Guid(249de00a7bb2b9547a3a38cddd790dbc) Importer(815301076,1909f56bfc062723c751e8b465ee728b)
Start importing Assets/52SpecialEffectPack/Texture/Star4.png using Guid(249de00a7bb2b9547a3a38cddd790dbc) Importer(815301076,1909f56bfc062723c751e8b465ee728b)  -> (artifact id: '6151a7c25f3ac265b1710be06384a3cb') in 0.015645 seconds 
  Import took 0.019209 seconds .

========================================================================
Received Import Request.
  Time since last request: 0.000593 seconds.
  path: Assets/52SpecialEffectPack/Texture/Star2.png
  artifactKey: Guid(b4e499441919dea4d8c2e140f508307d) Importer(815301076,1909f56bfc062723c751e8b465ee728b)
Start importing Assets/52SpecialEffectPack/Texture/Star2.png using Guid(b4e499441919dea4d8c2e140f508307d) Importer(815301076,1909f56bfc062723c751e8b465ee728b)  -> (artifact id: '637d71ba0a2a0936e71632087901c15a') in 0.011667 seconds 
  Import took 0.014930 seconds .

========================================================================
Received Import Request.
  Time since last request: 0.000246 seconds.
  path: Assets/52SpecialEffectPack/Texture/Spark6.png
  artifactKey: Guid(72f023220c0581f418b0895434288b08) Importer(815301076,1909f56bfc062723c751e8b465ee728b)
Start importing Assets/52SpecialEffectPack/Texture/Spark6.png using Guid(72f023220c0581f418b0895434288b08) Importer(815301076,1909f56bfc062723c751e8b465ee728b)  -> (artifact id: '696265f7d52fada568e70ed3002b083f') in 0.009141 seconds 
  Import took 0.012521 seconds .

========================================================================
Received Import Request.
  Time since last request: 0.000321 seconds.
  path: Assets/52SpecialEffectPack/Texture/Star5.png
  artifactKey: Guid(7a4316f850222c34a8af7d484d82c84a) Importer(815301076,1909f56bfc062723c751e8b465ee728b)
Start importing Assets/52SpecialEffectPack/Texture/Star5.png using Guid(7a4316f850222c34a8af7d484d82c84a) Importer(815301076,1909f56bfc062723c751e8b465ee728b)  -> (artifact id: '0028492f20c679ed62506b36411d3281') in 0.017409 seconds 
  Import took 0.020923 seconds .

========================================================================
Received Import Request.
  Time since last request: 0.000201 seconds.
  path: Assets/52SpecialEffectPack/Texture/Star3.png
  artifactKey: Guid(d92f6708d533240488a930e840555b14) Importer(815301076,1909f56bfc062723c751e8b465ee728b)
Start importing Assets/52SpecialEffectPack/Texture/Star3.png using Guid(d92f6708d533240488a930e840555b14) Importer(815301076,1909f56bfc062723c751e8b465ee728b)  -> (artifact id: '3eaf291c72e182b1b0ef005e559a1d7e') in 0.012218 seconds 
  Import took 0.016795 seconds .

========================================================================
Received Import Request.
  Time since last request: 0.000182 seconds.
  path: Assets/52SpecialEffectPack/Texture/Star4.mat
  artifactKey: Guid(c396f9496be2bcd428a7bd0d3a4826f5) Importer(815301076,1909f56bfc062723c751e8b465ee728b)
Start importing Assets/52SpecialEffectPack/Texture/Star4.mat using Guid(c396f9496be2bcd428a7bd0d3a4826f5) Importer(815301076,1909f56bfc062723c751e8b465ee728b)  -> (artifact id: '19071781ef76d65aa66c3269a5ef10f2') in 0.013631 seconds 
  Import took 0.016969 seconds .

========================================================================
Received Prepare
Registering precompiled user dll's ...
Registered in 0.009517 seconds.
Begin MonoManager ReloadAssembly
Native extension for WindowsStandalone target not found
Refreshing native plugins compatible for Editor in 0.42 ms, found 2 plugins.
Preloading 0 native plugins for Editor in 0.00 ms.
Mono: successfully reloaded assembly
- Completed reload, in  0.970 seconds
Domain Reload Profiling:
	ReloadAssembly (971ms)
		BeginReloadAssembly (107ms)
			ExecutionOrderSort (0ms)
			DisableScriptedObjects (3ms)
			BackupInstance (0ms)
			ReleaseScriptingObjects (0ms)
			CreateAndSetChildDomain (27ms)
		EndReloadAssembly (803ms)
			LoadAssemblies (95ms)
			RebuildTransferFunctionScriptingTraits (0ms)
			SetupTypeCache (283ms)
			ReleaseScriptCaches (1ms)
			RebuildScriptCaches (37ms)
			SetupLoadedEditorAssemblies (302ms)
				LogAssemblyErrors (0ms)
				InitializePlatformSupportModulesInManaged (4ms)
				SetLoadedEditorAssemblies (0ms)
				RefreshPlugins (0ms)
				BeforeProcessingInitializeOnLoad (86ms)
				ProcessInitializeOnLoadAttributes (191ms)
				ProcessInitializeOnLoadMethodAttributes (10ms)
				AfterProcessingInitializeOnLoad (10ms)
				EditorAssembliesLoaded (0ms)
			ExecutionOrderSort2 (0ms)
			AwakeInstancesAfterBackupRestoration (5ms)
Platform modules already initialized, skipping
Refreshing native plugins compatible for Editor in 0.87 ms, found 2 plugins.
Preloading 0 native plugins for Editor in 0.00 ms.
Unloading 1547 Unused Serialized files (Serialized files now loaded: 0)
System memory in use before: 143.8 MB.
System memory in use after: 143.9 MB.

Unloading 15 unused Assets to reduce memory usage. Loaded Objects now: 2095.
Total: 6.089700 ms (FindLiveObjects: 0.441900 ms CreateObjectMapping: 0.781700 ms MarkObjects: 4.824800 ms  DeleteObjects: 0.037200 ms)

AssetImportParameters requested are different than current active one (requested -> active):
  custom:framework-win-MediaFoundation: 216162199b28c13a410421893ffa2e32 -> 
  custom:video-decoder-ogg-theora: a1e56fd34408186e4bbccfd4996cb3dc -> 
  custom:container-muxer-webm: aa71ff27fc2769a1b78a27578f13a17b -> 
  custom:container-demuxer-webm: 4f35f7cbe854078d1ac9338744f61a02 -> 
  custom:container-demuxer-ogg: 62fdf1f143b41e24485cea50d1cbac27 -> 
  custom:video-encoder-webm-vp8: eb34c28f22e8b96e1ab97ce403110664 -> 
  custom:video-codec-MediaFoundation-h265: 746d11721c4dcdbdad8f713fa42b33f4 -> 
  custom:video-decoder-webm-vp8: 9c59270c3fd7afecdb556c50c9e8de78 -> 
  custom:audio-decoder-ogg-vorbis: bf7c407c2cedff20999df2af8eb42d56 -> 
  custom:audio-encoder-webm-vorbis: bf7c407c2cedff20999df2af8eb42d56 -> 
========================================================================
Received Prepare
Registering precompiled user dll's ...
Registered in 0.006985 seconds.
Begin MonoManager ReloadAssembly
Native extension for WindowsStandalone target not found
Refreshing native plugins compatible for Editor in 0.44 ms, found 2 plugins.
Preloading 0 native plugins for Editor in 0.00 ms.
Mono: successfully reloaded assembly
- Completed reload, in  0.795 seconds
Domain Reload Profiling:
	ReloadAssembly (796ms)
		BeginReloadAssembly (97ms)
			ExecutionOrderSort (0ms)
			DisableScriptedObjects (3ms)
			BackupInstance (0ms)
			ReleaseScriptingObjects (0ms)
			CreateAndSetChildDomain (24ms)
		EndReloadAssembly (639ms)
			LoadAssemblies (83ms)
			RebuildTransferFunctionScriptingTraits (0ms)
			SetupTypeCache (214ms)
			ReleaseScriptCaches (1ms)
			RebuildScriptCaches (30ms)
			SetupLoadedEditorAssemblies (243ms)
				LogAssemblyErrors (0ms)
				InitializePlatformSupportModulesInManaged (4ms)
				SetLoadedEditorAssemblies (0ms)
				RefreshPlugins (0ms)
				BeforeProcessingInitializeOnLoad (69ms)
				ProcessInitializeOnLoadAttributes (152ms)
				ProcessInitializeOnLoadMethodAttributes (8ms)
				AfterProcessingInitializeOnLoad (9ms)
				EditorAssembliesLoaded (0ms)
			ExecutionOrderSort2 (0ms)
			AwakeInstancesAfterBackupRestoration (5ms)
Platform modules already initialized, skipping
Refreshing native plugins compatible for Editor in 0.61 ms, found 2 plugins.
Preloading 0 native plugins for Editor in 0.00 ms.
Unloading 1547 Unused Serialized files (Serialized files now loaded: 0)
System memory in use before: 143.8 MB.
System memory in use after: 143.9 MB.

Unloading 14 unused Assets to reduce memory usage. Loaded Objects now: 2097.
Total: 2.275700 ms (FindLiveObjects: 0.128800 ms CreateObjectMapping: 0.030000 ms MarkObjects: 2.094900 ms  DeleteObjects: 0.020200 ms)

AssetImportParameters requested are different than current active one (requested -> active):
  custom:framework-win-MediaFoundation: 216162199b28c13a410421893ffa2e32 -> 
  custom:video-decoder-ogg-theora: a1e56fd34408186e4bbccfd4996cb3dc -> 
  custom:container-muxer-webm: aa71ff27fc2769a1b78a27578f13a17b -> 
  custom:container-demuxer-webm: 4f35f7cbe854078d1ac9338744f61a02 -> 
  custom:container-demuxer-ogg: 62fdf1f143b41e24485cea50d1cbac27 -> 
  custom:video-encoder-webm-vp8: eb34c28f22e8b96e1ab97ce403110664 -> 
  custom:video-codec-MediaFoundation-h265: 746d11721c4dcdbdad8f713fa42b33f4 -> 
  custom:video-decoder-webm-vp8: 9c59270c3fd7afecdb556c50c9e8de78 -> 
  custom:audio-decoder-ogg-vorbis: bf7c407c2cedff20999df2af8eb42d56 -> 
  custom:audio-encoder-webm-vorbis: bf7c407c2cedff20999df2af8eb42d56 -> 
AssetImportWorkerClient::OnTransportError - code=2 error=End of file
